============================================================
Epoch [1/40]
============================================================
100%|██████████| 1543/1543 [01:12<00:00, 21.29it/s]
Learning Rate : 0.0000499
Train Loss    : 0.6147
Train Acc     : 91.53%
Val Loss      : 0.5767
Val Acc       : 94.93%
GPU Memory : 1.02 GB
Best Model Saved
Epoch Time : 1.25 min
============================================================
Epoch [2/40]
============================================================
100%|██████████| 1543/1543 [01:13<00:00, 21.12it/s]
Learning Rate : 0.0000497
Train Loss    : 0.5041
Train Acc     : 96.52%
Val Loss      : 0.5432
Val Acc       : 96.56%
GPU Memory : 1.02 GB
Best Model Saved
Epoch Time : 1.26 min
============================================================
Epoch [3/40]
============================================================
100%|██████████| 1543/1543 [01:13<00:00, 20.95it/s]
Learning Rate : 0.0000493
Train Loss    : 0.4822
Train Acc     : 97.57%
Val Loss      : 0.5374
Val Acc       : 97.32%
GPU Memory : 1.02 GB
Best Model Saved
Epoch Time : 1.27 min
============================================================
Epoch [4/40]
============================================================
100%|██████████| 1543/1543 [01:13<00:00, 21.11it/s]
Learning Rate : 0.0000488
Train Loss    : 0.4732
Train Acc     : 97.93%
Val Loss      : 0.5747
Val Acc       : 95.16%
GPU Memory : 1.02 GB
No Improvement (1/7)
Epoch Time : 1.25 min
============================================================
Epoch [5/40]
============================================================
100%|██████████| 1543/1543 [01:11<00:00, 21.56it/s]
Learning Rate : 0.0000481
Train Loss    : 0.4645
Train Acc     : 98.44%
Val Loss      : 0.5466
Val Acc       : 96.90%
GPU Memory : 1.02 GB
No Improvement (2/7)
Epoch Time : 1.23 min
============================================================
Epoch [6/40]
============================================================
100%|██████████| 1543/1543 [01:12<00:00, 21.25it/s]
Learning Rate : 0.0000473
Train Loss    : 0.4614
Train Acc     : 98.50%
Val Loss      : 0.5125
Val Acc       : 98.30%
GPU Memory : 1.02 GB
Best Model Saved
Epoch Time : 1.25 min
============================================================
Epoch [7/40]
============================================================
100%|██████████| 1543/1543 [01:14<00:00, 20.84it/s]
Learning Rate : 0.0000463
Train Loss    : 0.4535
Train Acc     : 98.74%
Val Loss      : 0.5273
Val Acc       : 97.69%
GPU Memory : 1.02 GB
No Improvement (1/7)
Epoch Time : 1.27 min
============================================================
Epoch [8/40]
============================================================
100%|██████████| 1543/1543 [01:13<00:00, 21.11it/s]
Learning Rate : 0.0000452
Train Loss    : 0.4487
Train Acc     : 99.04%
Val Loss      : 0.5286
Val Acc       : 97.69%
GPU Memory : 1.02 GB
No Improvement (2/7)
Epoch Time : 1.25 min
============================================================
Epoch [9/40]
============================================================
100%|██████████| 1543/1543 [01:04<00:00, 23.96it/s]
Learning Rate : 0.0000440
Train Loss    : 0.4445
Train Acc     : 99.20%
Val Loss      : 0.5152
Val Acc       : 98.34%
GPU Memory : 1.02 GB
Best Model Saved
Epoch Time : 1.12 min
============================================================
Epoch [10/40]
============================================================
100%|██████████| 1543/1543 [01:04<00:00, 23.95it/s]
Learning Rate : 0.0000427
Train Loss    : 0.4442
Train Acc     : 99.34%
Val Loss      : 0.5334
Val Acc       : 97.62%
GPU Memory : 1.02 GB
No Improvement (1/7)
Epoch Time : 1.11 min
============================================================
Epoch [11/40]
============================================================
100%|██████████| 1543/1543 [01:14<00:00, 20.72it/s]
Learning Rate : 0.0000412
Train Loss    : 0.4437
Train Acc     : 99.34%
Val Loss      : 0.5398
Val Acc       : 97.54%
GPU Memory : 1.02 GB
No Improvement (2/7)
Epoch Time : 1.28 min
============================================================
Epoch [12/40]
============================================================
100%|██████████| 1543/1543 [00:57<00:00, 26.77it/s]
Learning Rate : 0.0000397
Train Loss    : 0.4427
Train Acc     : 99.38%
Val Loss      : 0.5224
Val Acc       : 98.00%
GPU Memory : 1.02 GB
No Improvement (3/7)
Epoch Time : 0.99 min
============================================================
Epoch [13/40]
============================================================
100%|██████████| 1543/1543 [01:03<00:00, 24.43it/s]
Learning Rate : 0.0000381
Train Loss    : 0.4405
Train Acc     : 99.58%
Val Loss      : 0.5174
Val Acc       : 98.26%
GPU Memory : 1.02 GB
No Improvement (4/7)
Epoch Time : 1.08 min
============================================================
Epoch [14/40]
============================================================
100%|██████████| 1543/1543 [01:00<00:00, 25.69it/s]
Learning Rate : 0.0000363
Train Loss    : 0.4382
Train Acc     : 99.59%
Val Loss      : 0.5369
Val Acc       : 97.62%
GPU Memory : 1.02 GB
No Improvement (5/7)
Epoch Time : 1.03 min
============================================================
Epoch [15/40]
============================================================
100%|██████████| 1543/1543 [01:09<00:00, 22.16it/s]
Learning Rate : 0.0000346
Train Loss    : 0.4391
Train Acc     : 99.55%
Val Loss      : 0.5144
Val Acc       : 98.37%
GPU Memory : 1.02 GB
Best Model Saved
Epoch Time : 1.20 min
============================================================
Epoch [16/40]
============================================================
100%|██████████| 1543/1543 [01:08<00:00, 22.53it/s]
Learning Rate : 0.0000327
Train Loss    : 0.4372
Train Acc     : 99.65%
Val Loss      : 0.5200
Val Acc       : 98.30%
GPU Memory : 1.02 GB
No Improvement (1/7)
Epoch Time : 1.17 min
============================================================
Epoch [17/40]
============================================================
100%|██████████| 1543/1543 [01:09<00:00, 22.23it/s]
Learning Rate : 0.0000308
Train Loss    : 0.4411
Train Acc     : 99.61%
Val Loss      : 0.5188
Val Acc       : 98.37%
GPU Memory : 1.02 GB
No Improvement (2/7)
Epoch Time : 1.19 min
============================================================
Epoch [18/40]
============================================================
100%|██████████| 1543/1543 [01:13<00:00, 20.86it/s]
Learning Rate : 0.0000289
Train Loss    : 0.4352
Train Acc     : 99.73%
Val Loss      : 0.5080
Val Acc       : 98.68%
GPU Memory : 1.02 GB
Best Model Saved
Epoch Time : 1.28 min
============================================================
Epoch [19/40]
============================================================
100%|██████████| 1543/1543 [01:14<00:00, 20.80it/s]
Learning Rate : 0.0000270
Train Loss    : 0.4320
Train Acc     : 99.89%
Val Loss      : 0.5250
Val Acc       : 98.15%
GPU Memory : 1.02 GB
No Improvement (1/7)
Epoch Time : 1.27 min
============================================================
Epoch [20/40]
============================================================
100%|██████████| 1543/1543 [01:13<00:00, 20.97it/s]
Learning Rate : 0.0000250
Train Loss    : 0.4365
Train Acc     : 99.72%
Val Loss      : 0.5194
Val Acc       : 98.07%
GPU Memory : 1.02 GB
No Improvement (2/7)
Epoch Time : 1.26 min
============================================================
Epoch [21/40]
============================================================
100%|██████████| 1543/1543 [01:05<00:00, 23.53it/s]
Learning Rate : 0.0000230
Train Loss    : 0.4353
Train Acc     : 99.79%
Val Loss      : 0.5129
Val Acc       : 98.53%
GPU Memory : 1.02 GB
No Improvement (3/7)
Epoch Time : 1.13 min
============================================================
Epoch [22/40]
============================================================
100%|██████████| 1543/1543 [01:03<00:00, 24.21it/s]
Learning Rate : 0.0000211
Train Loss    : 0.4332
Train Acc     : 99.88%
Val Loss      : 0.5212
Val Acc       : 98.11%
GPU Memory : 1.02 GB
No Improvement (4/7)
Epoch Time : 1.10 min
============================================================
Epoch [23/40]
============================================================
100%|██████████| 1543/1543 [01:12<00:00, 21.14it/s]
Learning Rate : 0.0000192
Train Loss    : 0.4327
Train Acc     : 99.89%
Val Loss      : 0.5116
Val Acc       : 98.71%
GPU Memory : 1.02 GB
Best Model Saved
Epoch Time : 1.26 min
============================================================
Epoch [24/40]
============================================================
100%|██████████| 1543/1543 [01:08<00:00, 22.57it/s]
Learning Rate : 0.0000173
Train Loss    : 0.4317
Train Acc     : 99.93%
Val Loss      : 0.5095
Val Acc       : 98.60%
GPU Memory : 1.02 GB
No Improvement (1/7)
Epoch Time : 1.17 min
============================================================
Epoch [25/40]
============================================================
100%|██████████| 1543/1543 [01:14<00:00, 20.67it/s]
Learning Rate : 0.0000154
Train Loss    : 0.4308
Train Acc     : 99.96%
Val Loss      : 0.5130
Val Acc       : 98.64%
GPU Memory : 1.02 GB
No Improvement (2/7)
Epoch Time : 1.28 min
============================================================
Epoch [26/40]
============================================================
100%|██████████| 1543/1543 [01:14<00:00, 20.60it/s]
Learning Rate : 0.0000137
Train Loss    : 0.4321
Train Acc     : 99.93%
Val Loss      : 0.5171
Val Acc       : 98.41%
GPU Memory : 1.02 GB
No Improvement (3/7)
Epoch Time : 1.28 min
============================================================
Epoch [27/40]
============================================================
100%|██████████| 1543/1543 [01:10<00:00, 21.86it/s]
Learning Rate : 0.0000119
Train Loss    : 0.4302
Train Acc     : 99.97%
Val Loss      : 0.5103
Val Acc       : 98.64%
GPU Memory : 1.02 GB
No Improvement (4/7)
Epoch Time : 1.21 min
============================================================
Epoch [28/40]
============================================================
100%|██████████| 1543/1543 [01:08<00:00, 22.37it/s]
Learning Rate : 0.0000103
Train Loss    : 0.4312
Train Acc     : 99.96%
Val Loss      : 0.5087
Val Acc       : 98.75%
GPU Memory : 1.02 GB
Best Model Saved
Epoch Time : 1.19 min
============================================================
Epoch [29/40]
============================================================
100%|██████████| 1543/1543 [01:10<00:00, 21.77it/s]
Learning Rate : 0.0000088
Train Loss    : 0.4317
Train Acc     : 99.94%
Val Loss      : 0.5036
Val Acc       : 99.02%
GPU Memory : 1.02 GB
Best Model Saved
Epoch Time : 1.23 min
============================================================
Epoch [30/40]
============================================================
100%|██████████| 1543/1543 [01:14<00:00, 20.68it/s]
Learning Rate : 0.0000073
Train Loss    : 0.4302
Train Acc     : 99.99%
Val Loss      : 0.5049
Val Acc       : 98.94%
GPU Memory : 1.02 GB
No Improvement (1/7)
Epoch Time : 1.28 min
============================================================
Epoch [31/40]
============================================================
100%|██████████| 1543/1543 [01:07<00:00, 22.80it/s]
Learning Rate : 0.0000060
Train Loss    : 0.4307
Train Acc     : 99.98%
Val Loss      : 0.5065
Val Acc       : 98.98%
GPU Memory : 1.02 GB
No Improvement (2/7)
Epoch Time : 1.16 min
============================================================
Epoch [32/40]
============================================================
100%|██████████| 1543/1543 [01:14<00:00, 20.83it/s]
Learning Rate : 0.0000048
Train Loss    : 0.4304
Train Acc     : 100.00%
Val Loss      : 0.5114
Val Acc       : 98.75%
GPU Memory : 1.02 GB
No Improvement (3/7)
Epoch Time : 1.27 min
============================================================
Epoch [33/40]
============================================================
100%|██████████| 1543/1543 [01:11<00:00, 21.48it/s]
Learning Rate : 0.0000037
Train Loss    : 0.4304
Train Acc     : 99.99%
Val Loss      : 0.5098
Val Acc       : 98.83%
GPU Memory : 1.02 GB
No Improvement (4/7)
Epoch Time : 1.23 min
============================================================
Epoch [34/40]
============================================================
100%|██████████| 1543/1543 [01:12<00:00, 21.21it/s]
Learning Rate : 0.0000027
Train Loss    : 0.4305
Train Acc     : 100.00%
Val Loss      : 0.5083
Val Acc       : 98.87%
GPU Memory : 1.02 GB
No Improvement (5/7)
Epoch Time : 1.25 min
============================================================
Epoch [35/40]
============================================================
100%|██████████| 1543/1543 [01:14<00:00, 20.69it/s]
Learning Rate : 0.0000019
Train Loss    : 0.4304
Train Acc     : 99.99%
Val Loss      : 0.5095
Val Acc       : 98.75%
GPU Memory : 1.02 GB
No Improvement (6/7)
Epoch Time : 1.28 min
============================================================
Epoch [36/40]
============================================================
100%|██████████| 1543/1543 [01:15<00:00, 20.50it/s]
Learning Rate : 0.0000012
Train Loss    : 0.4301
Train Acc     : 100.00%
Val Loss      : 0.5090
Val Acc       : 98.87%
GPU Memory : 1.02 GB
No Improvement (7/7)
Epoch Time : 1.29 min

Early Stopping Triggered
============================================================
Training Finished
Best Validation Accuracy : 99.02%
============================================================